<?xml version="1.0" encoding="UTF-8"?>
<persistence version="2.1" xmlns="http://xmlns.jcp.org/xml/ns/persistence" xmlns:xsi="http://www.w3.org/2001/XMLSchema-instance" xsi:schemaLocation="http://xmlns.jcp.org/xml/ns/persistence http://xmlns.jcp.org/xml/ns/persistence/persistence_2_1.xsd">
    <persistence-unit name="racemanagerdb" transaction-type="JTA">
        <properties>
            <property name="javax.persistence.jdbc.driver" value="com.mysql.jdbc.Driver" />
            <property name="javax.persistence.jdbc.url" value="jdbc:mysql://localhost:3306/racemanager-test" />
            <property name="javax.persistence.jdbc.user" value="rmdev" />
            <property name="javax.persistence.jdbc.password" value="rmdev" />

            <property name="hibernate.show_sql" value="true"/>
        </properties>
    </persistence-unit>
</persistence>
